                              Prefix Verb   URI Pattern                                     Controller#Action
                  marketplace_orders GET    /marketplace/orders(.:format)                   marketplace/orders#index
                                     POST   /marketplace/orders(.:format)                   marketplace/orders#create
                   marketplace_order GET    /marketplace/orders/:id(.:format)               marketplace/orders#show
                                     PATCH  /marketplace/orders/:id(.:format)               marketplace/orders#update
                                     PUT    /marketplace/orders/:id(.:format)               marketplace/orders#update
                                     DELETE /marketplace/orders/:id(.:format)               marketplace/orders#destroy
                   marketplace_items GET    /marketplace/items(.:format)                    marketplace/items#index
                                     POST   /marketplace/items(.:format)                    marketplace/items#create
                    marketplace_item GET    /marketplace/items/:id(.:format)                marketplace/items#show
                                     PATCH  /marketplace/items/:id(.:format)                marketplace/items#update
                                     PUT    /marketplace/items/:id(.:format)                marketplace/items#update
                                     DELETE /marketplace/items/:id(.:format)                marketplace/items#destroy
             marketplace_order_items GET    /marketplace/order_items(.:format)              marketplace/order_items#index
                                     POST   /marketplace/order_items(.:format)              marketplace/order_items#create
              marketplace_order_item GET    /marketplace/order_items/:id(.:format)          marketplace/order_items#show
                                     PATCH  /marketplace/order_items/:id(.:format)          marketplace/order_items#update
                                     PUT    /marketplace/order_items/:id(.:format)          marketplace/order_items#update
                                     DELETE /marketplace/order_items/:id(.:format)          marketplace/order_items#destroy
search_workout_workout_user_workouts GET    /workout/user_workouts/search_workout(.:format) workout/user_workouts#search_workout
               workout_user_workouts GET    /workout/user_workouts(.:format)                workout/user_workouts#index
                                     POST   /workout/user_workouts(.:format)                workout/user_workouts#create
                workout_user_workout GET    /workout/user_workouts/:id(.:format)            workout/user_workouts#show
                                     PATCH  /workout/user_workouts/:id(.:format)            workout/user_workouts#update
                                     PUT    /workout/user_workouts/:id(.:format)            workout/user_workouts#update
                                     DELETE /workout/user_workouts/:id(.:format)            workout/user_workouts#destroy
          workout_workout_categories GET    /workout/workout_categories(.:format)           workout/workout_categories#index
                                     POST   /workout/workout_categories(.:format)           workout/workout_categories#create
            workout_workout_category GET    /workout/workout_categories/:id(.:format)       workout/workout_categories#show
                                     PATCH  /workout/workout_categories/:id(.:format)       workout/workout_categories#update
                                     PUT    /workout/workout_categories/:id(.:format)       workout/workout_categories#update
                                     DELETE /workout/workout_categories/:id(.:format)       workout/workout_categories#destroy
                     nutrition_meals GET    /nutrition/meals(.:format)                      nutrition/meals#index
                                     POST   /nutrition/meals(.:format)                      nutrition/meals#create
                      nutrition_meal GET    /nutrition/meals/:id(.:format)                  nutrition/meals#show
                                     PATCH  /nutrition/meals/:id(.:format)                  nutrition/meals#update
                                     PUT    /nutrition/meals/:id(.:format)                  nutrition/meals#update
                                     DELETE /nutrition/meals/:id(.:format)                  nutrition/meals#destroy
                     nutrition_posts GET    /nutrition/posts(.:format)                      nutrition/posts#index
                                     POST   /nutrition/posts(.:format)                      nutrition/posts#create
                      nutrition_post GET    /nutrition/posts/:id(.:format)                  nutrition/posts#show
                                     PATCH  /nutrition/posts/:id(.:format)                  nutrition/posts#update
                                     PUT    /nutrition/posts/:id(.:format)                  nutrition/posts#update
                                     DELETE /nutrition/posts/:id(.:format)                  nutrition/posts#destroy
                nutrition_categories GET    /nutrition/categories(.:format)                 nutrition/categories#index
                                     POST   /nutrition/categories(.:format)                 nutrition/categories#create
                  nutrition_category GET    /nutrition/categories/:id(.:format)             nutrition/categories#show
                                     PATCH  /nutrition/categories/:id(.:format)             nutrition/categories#update
                                     PUT    /nutrition/categories/:id(.:format)             nutrition/categories#update
                                     DELETE /nutrition/categories/:id(.:format)             nutrition/categories#destroy
                            workouts GET    /workouts(.:format)                             workouts#index
                                     POST   /workouts(.:format)                             workouts#create
                             workout GET    /workouts/:id(.:format)                         workouts#show
                                     PATCH  /workouts/:id(.:format)                         workouts#update
                                     PUT    /workouts/:id(.:format)                         workouts#update
                                     DELETE /workouts/:id(.:format)                         workouts#destroy
                          dashboards GET    /dashboards(.:format)                           dashboards#index
                    new_user_session GET    /users/sign_in(.:format)                        devise/sessions#new
                        user_session POST   /users/sign_in(.:format)                        devise/sessions#create
                destroy_user_session DELETE /users/sign_out(.:format)                       devise/sessions#destroy
                   new_user_password GET    /users/password/new(.:format)                   devise/passwords#new
                  edit_user_password GET    /users/password/edit(.:format)                  devise/passwords#edit
                       user_password PATCH  /users/password(.:format)                       devise/passwords#update
                                     PUT    /users/password(.:format)                       devise/passwords#update
                                     POST   /users/password(.:format)                       devise/passwords#create
            cancel_user_registration GET    /users/cancel(.:format)                         devise/registrations#cancel
               new_user_registration GET    /users/sign_up(.:format)                        devise/registrations#new
              edit_user_registration GET    /users/edit(.:format)                           devise/registrations#edit
                   user_registration PATCH  /users(.:format)                                devise/registrations#update
                                     PUT    /users(.:format)                                devise/registrations#update
                                     DELETE /users(.:format)                                devise/registrations#destroy
                                     POST   /users(.:format)                                devise/registrations#create
                               todos GET    /todos(.:format)                                todos#index
                                     POST   /todos(.:format)                                todos#create
                                todo GET    /todos/:id(.:format)                            todos#show
                                     PATCH  /todos/:id(.:format)                            todos#update
                                     PUT    /todos/:id(.:format)                            todos#update
                                     DELETE /todos/:id(.:format)                            todos#destroy
