                  Prefix Verb   URI Pattern                    Controller#Action
              dashboards GET    /dashboards(.:format)          dashboards#index
                   meals GET    /meals(.:format)               meals#index
                         POST   /meals(.:format)               meals#create
                new_meal GET    /meals/new(.:format)           meals#new
               edit_meal GET    /meals/:id/edit(.:format)      meals#edit
                    meal GET    /meals/:id(.:format)           meals#show
                         PATCH  /meals/:id(.:format)           meals#update
                         PUT    /meals/:id(.:format)           meals#update
                         DELETE /meals/:id(.:format)           meals#destroy
                   posts GET    /posts(.:format)               posts#index
                         POST   /posts(.:format)               posts#create
                new_post GET    /posts/new(.:format)           posts#new
               edit_post GET    /posts/:id/edit(.:format)      posts#edit
                    post GET    /posts/:id(.:format)           posts#show
                         PATCH  /posts/:id(.:format)           posts#update
                         PUT    /posts/:id(.:format)           posts#update
                         DELETE /posts/:id(.:format)           posts#destroy
              categories GET    /categories(.:format)          categories#index
                         POST   /categories(.:format)          categories#create
            new_category GET    /categories/new(.:format)      categories#new
           edit_category GET    /categories/:id/edit(.:format) categories#edit
                category GET    /categories/:id(.:format)      categories#show
                         PATCH  /categories/:id(.:format)      categories#update
                         PUT    /categories/:id(.:format)      categories#update
                         DELETE /categories/:id(.:format)      categories#destroy
        new_user_session GET    /users/sign_in(.:format)       devise/sessions#new
            user_session POST   /users/sign_in(.:format)       devise/sessions#create
    destroy_user_session DELETE /users/sign_out(.:format)      devise/sessions#destroy
       new_user_password GET    /users/password/new(.:format)  devise/passwords#new
      edit_user_password GET    /users/password/edit(.:format) devise/passwords#edit
           user_password PATCH  /users/password(.:format)      devise/passwords#update
                         PUT    /users/password(.:format)      devise/passwords#update
                         POST   /users/password(.:format)      devise/passwords#create
cancel_user_registration GET    /users/cancel(.:format)        devise/registrations#cancel
   new_user_registration GET    /users/sign_up(.:format)       devise/registrations#new
  edit_user_registration GET    /users/edit(.:format)          devise/registrations#edit
       user_registration PATCH  /users(.:format)               devise/registrations#update
                         PUT    /users(.:format)               devise/registrations#update
                         DELETE /users(.:format)               devise/registrations#destroy
                         POST   /users(.:format)               devise/registrations#create
                   todos GET    /todos(.:format)               todos#index
                         POST   /todos(.:format)               todos#create
                new_todo GET    /todos/new(.:format)           todos#new
               edit_todo GET    /todos/:id/edit(.:format)      todos#edit
                    todo GET    /todos/:id(.:format)           todos#show
                         PATCH  /todos/:id(.:format)           todos#update
                         PUT    /todos/:id(.:format)           todos#update
                         DELETE /todos/:id(.:format)           todos#destroy
                    root GET    /                              dashboards#index
