=== puma startup: 2017-03-29 22:03:51 +0000 ===
[1134] - Worker 0 (pid: 1460) booted, phase: 0
[1134] - Worker 1 (pid: 1464) booted, phase: 0
[1134] - Worker 2 (pid: 1476) booted, phase: 0
[1134] - Worker 3 (pid: 1493) booted, phase: 0
=== puma startup: 2017-03-29 22:04:11 +0000 ===
[1517] - Worker 0 (pid: 1559) booted, phase: 0
[1517] - Worker 1 (pid: 1563) booted, phase: 0
[1517] - Worker 2 (pid: 1577) booted, phase: 0
[1517] - Worker 3 (pid: 1590) booted, phase: 0
[1134] - Gracefully shutting down workers...
[1134] * Restarting...
[1134] Puma starting in cluster mode...
[1134] * Version 3.6.2 (ruby 2.4.1-p111), codename: Sleepy Sunday Serenity
[1134] * Min threads: 5, max threads: 5
[1134] * Environment: production
[1134] * Process workers: 4
[1134] * Preloading application
[1517] - Gracefully shutting down workers...
[1517] * Restarting...
[1134] * Inherited tcp://0.0.0.0:3000
[1134] * Inherited unix:///home/raj/blog/shared/sockets/puma.sock
[1134] Use Ctrl-C to stop
=== puma startup: 2017-03-29 22:04:16 +0000 ===
[1134] - Worker 0 (pid: 1618) booted, phase: 0
[1134] - Worker 1 (pid: 1622) booted, phase: 0
[1134] - Worker 2 (pid: 1632) booted, phase: 0
[1134] - Worker 3 (pid: 1649) booted, phase: 0
=> Booting Puma
=> Rails 5.0.1 application starting in development on http://localhost:8080
=> Run `rails server -h` for more startup options
[1517] Puma starting in cluster mode...
[1517] * Version 3.6.2 (ruby 2.4.1-p111), codename: Sleepy Sunday Serenity
[1517] * Min threads: 5, max threads: 5
[1517] * Environment: development
[1517] * Process workers: 4
[1517] * Preloading application
[1517] * Listening on tcp://localhost:8080
[1517] Use Ctrl-C to stop
=== puma startup: 2017-03-29 22:04:18 +0000 ===
[1517] - Worker 0 (pid: 1681) booted, phase: 0
[1517] - Worker 1 (pid: 1685) booted, phase: 0
[1517] - Worker 2 (pid: 1699) booted, phase: 0
[1517] - Worker 3 (pid: 1719) booted, phase: 0
[1134] - Gracefully shutting down workers...
[1134] * Restarting...
[1134] Puma starting in cluster mode...
[1134] * Version 3.6.2 (ruby 2.4.1-p111), codename: Sleepy Sunday Serenity
[1134] * Min threads: 5, max threads: 5
[1134] * Environment: production
[1134] * Process workers: 4
[1134] * Preloading application
[1517] - Gracefully shutting down workers...
[1517] * Restarting...
[1134] * Inherited tcp://0.0.0.0:3000
[1134] * Inherited unix:///home/raj/blog/shared/sockets/puma.sock
[1134] Use Ctrl-C to stop
=== puma startup: 2017-03-29 22:04:23 +0000 ===
[1134] - Worker 0 (pid: 1741) booted, phase: 0
[1134] - Worker 1 (pid: 1745) booted, phase: 0
[1134] - Worker 3 (pid: 1771) booted, phase: 0
[1134] - Worker 2 (pid: 1757) booted, phase: 0
[1134] - Gracefully shutting down workers...
[1134] === puma shutdown: 2017-03-29 22:17:20 +0000 ===
[1134] - Goodbye!
=== puma startup: 2017-03-29 22:17:55 +0000 ===
[1921] - Worker 0 (pid: 1965) booted, phase: 0
[1921] - Worker 1 (pid: 1979) booted, phase: 0
[1921] - Worker 2 (pid: 1981) booted, phase: 0
[1921] - Worker 3 (pid: 1995) booted, phase: 0
[1921] - Gracefully shutting down workers...
[1921] === puma shutdown: 2017-03-30 07:46:57 +0000 ===
[1921] - Goodbye!
=== puma startup: 2017-03-30 07:47:01 +0000 ===
[5007] - Worker 0 (pid: 5050) booted, phase: 0
[5007] - Worker 2 (pid: 5066) booted, phase: 0
[5007] - Worker 3 (pid: 5070) booted, phase: 0
[5007] - Worker 1 (pid: 5054) booted, phase: 0
[5007] - Gracefully shutting down workers...
[5007] === puma shutdown: 2017-03-30 07:47:16 +0000 ===
[5007] - Goodbye!
=== puma startup: 2017-03-30 07:47:33 +0000 ===
[5118] - Worker 0 (pid: 5161) booted, phase: 0
[5118] - Worker 1 (pid: 5165) booted, phase: 0
[5118] - Worker 2 (pid: 5172) booted, phase: 0
[5118] - Worker 3 (pid: 5191) booted, phase: 0
